<?xml version="1.0" encoding="UTF-8"?>
<testsuite name="TestSuite" time="4.035" tests="17" errors="0" skipped="0" failures="15">
  <properties>
[...]
</properties>
  <testcase name="testDelAllEmp" classname="TestRespones" time="0.263">
    <failure message="expected [200] but found [415]" type="java.lang.AssertionError">java.lang.AssertionError: expected [200] but found [415]
	at org.testng.Assert.fail(Assert.java:99)
	at org.testng.Assert.failNotEquals(Assert.java:1037)
	at org.testng.Assert.assertEqualsImpl(Assert.java:140)
	at org.testng.Assert.assertEquals(Assert.java:122)
	at org.testng.Assert.assertEquals(Assert.java:907)
	at org.testng.Assert.assertEquals(Assert.java:917)
	at TestRespones.testDelAllEmp(TestRespones.java:118)
</failure>
  </testcase>
  <testcase name="testDelEmp" classname="TestRespones" time="0.208">
    <failure message="expected [200] but found [415]" type="java.lang.AssertionError">java.lang.AssertionError: expected [200] but found [415]
	at org.testng.Assert.fail(Assert.java:99)
	at org.testng.Assert.failNotEquals(Assert.java:1037)
	at org.testng.Assert.assertEqualsImpl(Assert.java:140)
	at org.testng.Assert.assertEquals(Assert.java:122)
	at org.testng.Assert.assertEquals(Assert.java:907)
	at org.testng.Assert.assertEquals(Assert.java:917)
	at TestRespones.testDelEmp(TestRespones.java:131)
</failure>
    <system-out>yes
458965
Baraa
Arda
3000
yes
542154
Ahmad
Omar
2500
yes
659821
Nael
Osama
5420
yes
457862
Fuad
Mohammad
4000
yes
542185
Abd
Ramez
12500
</system-out>
  </testcase>
  <testcase name="testDelEmp" classname="TestRespones" time="0.187">
    <failure message="expected [200] but found [415]" type="java.lang.AssertionError">java.lang.AssertionError: expected [200] but found [415]
	at org.testng.Assert.fail(Assert.java:99)
	at org.testng.Assert.failNotEquals(Assert.java:1037)
	at org.testng.Assert.assertEqualsImpl(Assert.java:140)
	at org.testng.Assert.assertEquals(Assert.java:122)
	at org.testng.Assert.assertEquals(Assert.java:907)
	at org.testng.Assert.assertEquals(Assert.java:917)
	at TestRespones.testDelEmp(TestRespones.java:131)
</failure>
  </testcase>
  <testcase name="testDelEmp" classname="TestRespones" time="0.183">
    <failure message="expected [200] but found [415]" type="java.lang.AssertionError">java.lang.AssertionError: expected [200] but found [415]
	at org.testng.Assert.fail(Assert.java:99)
	at org.testng.Assert.failNotEquals(Assert.java:1037)
	at org.testng.Assert.assertEqualsImpl(Assert.java:140)
	at org.testng.Assert.assertEquals(Assert.java:122)
	at org.testng.Assert.assertEquals(Assert.java:907)
	at org.testng.Assert.assertEquals(Assert.java:917)
	at TestRespones.testDelEmp(TestRespones.java:131)
</failure>
  </testcase>
  <testcase name="testDelEmp" classname="TestRespones" time="0.225">
    <failure message="expected [200] but found [415]" type="java.lang.AssertionError">java.lang.AssertionError: expected [200] but found [415]
	at org.testng.Assert.fail(Assert.java:99)
	at org.testng.Assert.failNotEquals(Assert.java:1037)
	at org.testng.Assert.assertEqualsImpl(Assert.java:140)
	at org.testng.Assert.assertEquals(Assert.java:122)
	at org.testng.Assert.assertEquals(Assert.java:907)
	at org.testng.Assert.assertEquals(Assert.java:917)
	at TestRespones.testDelEmp(TestRespones.java:131)
</failure>
  </testcase>
  <testcase name="testDelEmp" classname="TestRespones" time="0.242">
    <failure message="expected [200] but found [415]" type="java.lang.AssertionError">java.lang.AssertionError: expected [200] but found [415]
	at org.testng.Assert.fail(Assert.java:99)
	at org.testng.Assert.failNotEquals(Assert.java:1037)
	at org.testng.Assert.assertEqualsImpl(Assert.java:140)
	at org.testng.Assert.assertEquals(Assert.java:122)
	at org.testng.Assert.assertEquals(Assert.java:907)
	at org.testng.Assert.assertEquals(Assert.java:917)
	at TestRespones.testDelEmp(TestRespones.java:131)
</failure>
  </testcase>
  <testcase name="testGetAllEmp" classname="TestRespones" time="0.234"/>
  <testcase name="testMaxMinSal" classname="TestRespones" time="0.261"/>
  <testcase name="testPostEmp" classname="TestRespones" time="0.175">
    <failure message="expected [0] but found [-14]" type="java.lang.AssertionError">java.lang.AssertionError: expected [0] but found [-14]
	at org.testng.Assert.fail(Assert.java:99)
	at org.testng.Assert.failNotEquals(Assert.java:1037)
	at org.testng.Assert.assertEqualsImpl(Assert.java:140)
	at org.testng.Assert.assertEquals(Assert.java:122)
	at org.testng.Assert.assertEquals(Assert.java:907)
	at org.testng.Assert.assertEquals(Assert.java:917)
	at TestRespones.testPostEmp(TestRespones.java:60)
</failure>
    <system-out>yes
458965
Baraa
Arda
3000
yes
542154
Ahmad
Omar
2500
yes
659821
Nael
Osama
5420
yes
457862
Fuad
Mohammad
4000
yes
542185
Abd
Ramez
12500
</system-out>
  </testcase>
  <testcase name="testPostEmp" classname="TestRespones" time="0.193">
    <failure message="expected [0] but found [-14]" type="java.lang.AssertionError">java.lang.AssertionError: expected [0] but found [-14]
	at org.testng.Assert.fail(Assert.java:99)
	at org.testng.Assert.failNotEquals(Assert.java:1037)
	at org.testng.Assert.assertEqualsImpl(Assert.java:140)
	at org.testng.Assert.assertEquals(Assert.java:122)
	at org.testng.Assert.assertEquals(Assert.java:907)
	at org.testng.Assert.assertEquals(Assert.java:917)
	at TestRespones.testPostEmp(TestRespones.java:60)
</failure>
  </testcase>
  <testcase name="testPostEmp" classname="TestRespones" time="0.202">
    <failure message="expected [0] but found [-14]" type="java.lang.AssertionError">java.lang.AssertionError: expected [0] but found [-14]
	at org.testng.Assert.fail(Assert.java:99)
	at org.testng.Assert.failNotEquals(Assert.java:1037)
	at org.testng.Assert.assertEqualsImpl(Assert.java:140)
	at org.testng.Assert.assertEquals(Assert.java:122)
	at org.testng.Assert.assertEquals(Assert.java:907)
	at org.testng.Assert.assertEquals(Assert.java:917)
	at TestRespones.testPostEmp(TestRespones.java:60)
</failure>
  </testcase>
  <testcase name="testPostEmp" classname="TestRespones" time="0.176">
    <failure message="expected [0] but found [-14]" type="java.lang.AssertionError">java.lang.AssertionError: expected [0] but found [-14]
	at org.testng.Assert.fail(Assert.java:99)
	at org.testng.Assert.failNotEquals(Assert.java:1037)
	at org.testng.Assert.assertEqualsImpl(Assert.java:140)
	at org.testng.Assert.assertEquals(Assert.java:122)
	at org.testng.Assert.assertEquals(Assert.java:907)
	at org.testng.Assert.assertEquals(Assert.java:917)
	at TestRespones.testPostEmp(TestRespones.java:60)
</failure>
  </testcase>
  <testcase name="testPostEmp" classname="TestRespones" time="0.185">
    <failure message="expected [0] but found [-14]" type="java.lang.AssertionError">java.lang.AssertionError: expected [0] but found [-14]
	at org.testng.Assert.fail(Assert.java:99)
	at org.testng.Assert.failNotEquals(Assert.java:1037)
	at org.testng.Assert.assertEqualsImpl(Assert.java:140)
	at org.testng.Assert.assertEquals(Assert.java:122)
	at org.testng.Assert.assertEquals(Assert.java:907)
	at org.testng.Assert.assertEquals(Assert.java:917)
	at TestRespones.testPostEmp(TestRespones.java:60)
</failure>
  </testcase>
  <testcase name="testPutEmp" classname="TestRespones" time="0.325">
    <failure message="expected [2500] but found [1250.0]" type="java.lang.AssertionError">java.lang.AssertionError: expected [2500] but found [1250.0]
	at org.testng.Assert.fail(Assert.java:99)
	at org.testng.Assert.failNotEquals(Assert.java:1037)
	at org.testng.Assert.assertEqualsImpl(Assert.java:140)
	at org.testng.Assert.assertEquals(Assert.java:122)
	at org.testng.Assert.assertEquals(Assert.java:617)
	at TestRespones.testPutEmp(TestRespones.java:103)
</failure>
    <system-out>yes
458965
555555
Firas
Arda
2500
yes
659821
333333
Qasem
Osama
4400
yes
457862
222222
Raed
Thaer
5410
yes
542185
101010
Rand
Wael
1600
{"status" : "SUCCESS", "message" : "Employee with id 458965 is updated successfully."}
Hi
</system-out>
  </testcase>
  <testcase name="testPutEmp" classname="TestRespones" time="0.293">
    <failure message="expected [Qasem] but found [Osama]" type="java.lang.AssertionError">java.lang.AssertionError: expected [Qasem] but found [Osama]
	at org.testng.Assert.fail(Assert.java:99)
	at org.testng.Assert.failNotEquals(Assert.java:1037)
	at org.testng.Assert.assertEqualsImpl(Assert.java:140)
	at org.testng.Assert.assertEquals(Assert.java:122)
	at org.testng.Assert.assertEquals(Assert.java:617)
	at TestRespones.testPutEmp(TestRespones.java:101)
</failure>
    <system-out>{"status" : "SUCCESS", "message" : "Employee with id 659821 is updated successfully."}
Hi
</system-out>
  </testcase>
  <testcase name="testPutEmp" classname="TestRespones" time="0.309">
    <failure message="expected [Raed] but found [Thaer]" type="java.lang.AssertionError">java.lang.AssertionError: expected [Raed] but found [Thaer]
	at org.testng.Assert.fail(Assert.java:99)
	at org.testng.Assert.failNotEquals(Assert.java:1037)
	at org.testng.Assert.assertEqualsImpl(Assert.java:140)
	at org.testng.Assert.assertEquals(Assert.java:122)
	at org.testng.Assert.assertEquals(Assert.java:617)
	at TestRespones.testPutEmp(TestRespones.java:101)
</failure>
    <system-out>{"status" : "SUCCESS", "message" : "Employee with id 457862 is updated successfully."}
Hi
</system-out>
  </testcase>
  <testcase name="testPutEmp" classname="TestRespones" time="0.374">
    <failure message="expected [Rand] but found [Wael]" type="java.lang.AssertionError">java.lang.AssertionError: expected [Rand] but found [Wael]
	at org.testng.Assert.fail(Assert.java:99)
	at org.testng.Assert.failNotEquals(Assert.java:1037)
	at org.testng.Assert.assertEqualsImpl(Assert.java:140)
	at org.testng.Assert.assertEquals(Assert.java:122)
	at org.testng.Assert.assertEquals(Assert.java:617)
	at TestRespones.testPutEmp(TestRespones.java:101)
</failure>
    <system-out>{"status" : "SUCCESS", "message" : "Employee with id 542185 is updated successfully."}
Hi
</system-out>
  </testcase>
</testsuite>